2024-01-09 20:43:29,883 - ERROR - An error occurred: [Errno 13] Permission denied: '../input/'
2024-01-09 20:43:50,397 - ERROR - An error occurred: [Errno 13] Permission denied: '../input/'
2024-01-09 20:43:53,050 - ERROR - An error occurred: [Errno 13] Permission denied: '../input/'
2024-01-09 20:44:13,181 - ERROR - An error occurred: [Errno 13] Permission denied: '../input/'
2024-01-09 20:44:17,552 - ERROR - An error occurred: [Errno 13] Permission denied: '../input/'
2024-01-09 20:45:03,019 - INFO - Compilation process completed successfully.
2024-01-09 20:45:03,019 - INFO - Compression process completed successfully.
2024-01-09 21:03:35,526 - INFO - Decompilation process completed successfully.
2024-01-09 21:03:35,527 - INFO - Decompression process completed successfully.
2024-01-09 21:05:27,416 - INFO - Compilation process completed successfully.
2024-01-09 21:05:27,416 - INFO - Compression process completed successfully.
2024-01-09 21:11:25,269 - INFO - Compilation process completed successfully.
2024-01-09 21:11:25,269 - INFO - Compression process completed successfully.
2024-01-09 21:13:57,709 - INFO - Compilation process completed successfully.
2024-01-09 21:15:03,438 - INFO - Compilation process completed successfully.
2024-01-09 21:15:03,439 - INFO - Compression process completed successfully.
2024-01-09 21:16:08,047 - INFO - Compilation process completed successfully.
2024-01-09 21:16:29,356 - INFO - Compilation process completed successfully.
2024-01-09 21:16:29,356 - INFO - Compression process completed successfully.
2024-01-09 21:42:40,904 - INFO - Compilation process completed successfully.
2024-01-09 21:42:40,905 - INFO - Compression process completed successfully.
2024-01-09 21:42:49,308 - INFO - Decompilation process completed successfully.
2024-01-09 21:42:49,308 - INFO - Decompression process completed successfully.
2024-01-09 21:47:49,591 - ERROR - An error occurred: 'charmap' codec can't decode byte 0x88 in position 75: character maps to <undefined>
2024-01-09 21:51:15,087 - ERROR - An error occurred: [Errno 2] No such file or directory: '../input/mainpic.jpg'
2024-01-10 07:34:27,833 - INFO - Compilation process completed successfully.
2024-01-10 07:34:27,835 - INFO - Compression process completed successfully.
2024-01-10 07:34:34,456 - INFO - Decompilation process completed successfully.
2024-01-10 07:34:34,456 - INFO - Decompression process completed successfully.
